\BOOKMARK [0][-]{chapter.1}{Integrazione numerica}{}% 1
\BOOKMARK [1][-]{section.1.1}{Metodi deterministici}{chapter.1}% 2
\BOOKMARK [2][-]{subsection.1.1.1}{Newton-Cotes}{section.1.1}% 3
\BOOKMARK [2][-]{subsection.1.1.2}{Newton-Cotes:2\260ordine}{section.1.1}% 4
\BOOKMARK [2][-]{subsection.1.1.3}{Quadrature gaussiane}{section.1.1}% 5
\BOOKMARK [2][-]{subsection.1.1.4}{Utilizzo}{section.1.1}% 6
\BOOKMARK [1][-]{section.1.2}{Metodi Monte Carlo}{chapter.1}% 7
\BOOKMARK [0][-]{chapter.2}{Oscillatore armonico}{}% 8
\BOOKMARK [1][-]{section.2.1}{Integrali di cammino}{chapter.2}% 9
\BOOKMARK [1][-]{section.2.2}{Algoritmo Metropolis}{chapter.2}% 10
\BOOKMARK [1][-]{section.2.3}{Analisi risultati: binning e cluster Jackknife}{chapter.2}% 11
\BOOKMARK [0][-]{chapter.3}{Equazioni differenziali ordinarie}{}% 12
\BOOKMARK [1][-]{section.3.1}{Runge-Kutta IV}{chapter.3}% 13
\BOOKMARK [0][-]{chapter.4}{Equazioni differenziali alle derivate parziali}{}% 14
\BOOKMARK [1][-]{section.4.1}{Equazione di Schr\366dinger}{chapter.4}% 15
\BOOKMARK [2][-]{subsection.4.1.1}{Cenni teorici}{section.4.1}% 16
\BOOKMARK [2][-]{subsection.4.1.2}{Algoritmo}{section.4.1}% 17
\BOOKMARK [2][-]{subsection.4.1.3}{Particella libera}{section.4.1}% 18
\BOOKMARK [2][-]{subsection.4.1.4}{Scattering}{section.4.1}% 19
\BOOKMARK [2][-]{subsection.4.1.5}{Effetto tunnel}{section.4.1}% 20
\BOOKMARK [2][-]{subsection.4.1.6}{Diffrazione da doppia fenditura}{section.4.1}% 21
\BOOKMARK [1][-]{section.4.2}{Equazione del calore}{chapter.4}% 22
