

*******************************************************************************
Fri Jun  8 17:33:26 2012


FIT:    data read from 'bin.dat'
        format = z
        #datapoints = 100
        residuals are weighted equally (unit weight)

function used for fitting: f(x)
fitted parameters initialized with current variable values



 Iteration 0
 WSSR        : 1.17305e+06       delta(WSSR)/WSSR   : 0
 delta(WSSR) : 0                 limit for stopping : 1e-05
 lambda	  : 81523

initial set of free parameter values

A               = 1.5
s               = 0.001
m               = 0.962

After 7 iterations the fit converged.
final sum of squares of residuals : 5475.5
rel. change during last iteration : -1.10167e-06

degrees of freedom    (FIT_NDF)                        : 97
rms of residuals      (FIT_STDFIT) = sqrt(WSSR/ndf)    : 7.51322
variance of residuals (reduced chisquare) = WSSR/ndf   : 56.4485

Final set of parameters            Asymptotic Standard Error
=======================            ==========================

A               = 1.53895          +/- 0.02493      (1.62%)
s               = 0.0054399        +/- 0.0001023    (1.88%)
m               = 0.962457         +/- 0.0001025    (0.01065%)


correlation matrix of the fit parameters:

               A      s      m      
A               1.000 
s               0.575  1.000 
m               0.000 -0.088  1.000 


*******************************************************************************
Fri Jun  8 17:33:34 2012


FIT:    data read from 'bin.dat'
        format = z
        #datapoints = 100
        residuals are weighted equally (unit weight)

function used for fitting: f(x)
fitted parameters initialized with current variable values



 Iteration 0
 WSSR        : 1.17305e+06       delta(WSSR)/WSSR   : 0
 delta(WSSR) : 0                 limit for stopping : 1e-05
 lambda	  : 81523

initial set of free parameter values

A               = 1.5
s               = 0.001
m               = 0.962

After 7 iterations the fit converged.
final sum of squares of residuals : 5475.5
rel. change during last iteration : -1.10167e-06

degrees of freedom    (FIT_NDF)                        : 97
rms of residuals      (FIT_STDFIT) = sqrt(WSSR/ndf)    : 7.51322
variance of residuals (reduced chisquare) = WSSR/ndf   : 56.4485

Final set of parameters            Asymptotic Standard Error
=======================            ==========================

A               = 1.53895          +/- 0.02493      (1.62%)
s               = 0.0054399        +/- 0.0001023    (1.88%)
m               = 0.962457         +/- 0.0001025    (0.01065%)


correlation matrix of the fit parameters:

               A      s      m      
A               1.000 
s               0.575  1.000 
m               0.000 -0.088  1.000 


*******************************************************************************
Fri Jun  8 17:33:48 2012


FIT:    data read from 'bin.dat'
        format = z
        #datapoints = 100
        residuals are weighted equally (unit weight)

function used for fitting: f(x)
fitted parameters initialized with current variable values



 Iteration 0
 WSSR        : 1.17305e+06       delta(WSSR)/WSSR   : 0
 delta(WSSR) : 0                 limit for stopping : 1e-05
 lambda	  : 81523

initial set of free parameter values

A               = 1.5
s               = 0.001
m               = 0.962

After 7 iterations the fit converged.
final sum of squares of residuals : 5475.5
rel. change during last iteration : -1.10167e-06

degrees of freedom    (FIT_NDF)                        : 97
rms of residuals      (FIT_STDFIT) = sqrt(WSSR/ndf)    : 7.51322
variance of residuals (reduced chisquare) = WSSR/ndf   : 56.4485

Final set of parameters            Asymptotic Standard Error
=======================            ==========================

A               = 1.53895          +/- 0.02493      (1.62%)
s               = 0.0054399        +/- 0.0001023    (1.88%)
m               = 0.962457         +/- 0.0001025    (0.01065%)


correlation matrix of the fit parameters:

               A      s      m      
A               1.000 
s               0.575  1.000 
m               0.000 -0.088  1.000 


*******************************************************************************
Fri Jun  8 17:33:56 2012


FIT:    data read from 'bin.dat'
        format = z
        #datapoints = 100
        residuals are weighted equally (unit weight)

function used for fitting: f(x)
fitted parameters initialized with current variable values



 Iteration 0
 WSSR        : 1.17305e+06       delta(WSSR)/WSSR   : 0
 delta(WSSR) : 0                 limit for stopping : 1e-05
 lambda	  : 81523

initial set of free parameter values

A               = 1.5
s               = 0.001
m               = 0.962

After 7 iterations the fit converged.
final sum of squares of residuals : 5475.5
rel. change during last iteration : -1.10167e-06

degrees of freedom    (FIT_NDF)                        : 97
rms of residuals      (FIT_STDFIT) = sqrt(WSSR/ndf)    : 7.51322
variance of residuals (reduced chisquare) = WSSR/ndf   : 56.4485

Final set of parameters            Asymptotic Standard Error
=======================            ==========================

A               = 1.53895          +/- 0.02493      (1.62%)
s               = 0.0054399        +/- 0.0001023    (1.88%)
m               = 0.962457         +/- 0.0001025    (0.01065%)


correlation matrix of the fit parameters:

               A      s      m      
A               1.000 
s               0.575  1.000 
m               0.000 -0.088  1.000 


*******************************************************************************
Fri Jun  8 17:34:43 2012


FIT:    data read from 'bin.dat'
        format = z
        #datapoints = 100
        residuals are weighted equally (unit weight)

function used for fitting: f(x)
fitted parameters initialized with current variable values



 Iteration 0
 WSSR        : 1.17305e+06       delta(WSSR)/WSSR   : 0
 delta(WSSR) : 0                 limit for stopping : 1e-05
 lambda	  : 81523

initial set of free parameter values

A               = 1.5
s               = 0.001
m               = 0.962

After 7 iterations the fit converged.
final sum of squares of residuals : 5475.5
rel. change during last iteration : -1.10167e-06

degrees of freedom    (FIT_NDF)                        : 97
rms of residuals      (FIT_STDFIT) = sqrt(WSSR/ndf)    : 7.51322
variance of residuals (reduced chisquare) = WSSR/ndf   : 56.4485

Final set of parameters            Asymptotic Standard Error
=======================            ==========================

A               = 1.53895          +/- 0.02493      (1.62%)
s               = 0.0054399        +/- 0.0001023    (1.88%)
m               = 0.962457         +/- 0.0001025    (0.01065%)


correlation matrix of the fit parameters:

               A      s      m      
A               1.000 
s               0.575  1.000 
m               0.000 -0.088  1.000 


*******************************************************************************
Fri Jun  8 17:35:15 2012


FIT:    data read from 'bin.dat'
        format = z
        #datapoints = 100
        residuals are weighted equally (unit weight)

function used for fitting: f(x)
fitted parameters initialized with current variable values



 Iteration 0
 WSSR        : 1.17305e+06       delta(WSSR)/WSSR   : 0
 delta(WSSR) : 0                 limit for stopping : 1e-05
 lambda	  : 81523

initial set of free parameter values

A               = 1.5
s               = 0.001
m               = 0.962

After 7 iterations the fit converged.
final sum of squares of residuals : 5475.5
rel. change during last iteration : -1.10167e-06

degrees of freedom    (FIT_NDF)                        : 97
rms of residuals      (FIT_STDFIT) = sqrt(WSSR/ndf)    : 7.51322
variance of residuals (reduced chisquare) = WSSR/ndf   : 56.4485

Final set of parameters            Asymptotic Standard Error
=======================            ==========================

A               = 1.53895          +/- 0.02493      (1.62%)
s               = 0.0054399        +/- 0.0001023    (1.88%)
m               = 0.962457         +/- 0.0001025    (0.01065%)


correlation matrix of the fit parameters:

               A      s      m      
A               1.000 
s               0.575  1.000 
m               0.000 -0.088  1.000 


*******************************************************************************
Fri Jun  8 17:36:12 2012


FIT:    data read from 'bin.dat'
        format = z
        #datapoints = 100
        residuals are weighted equally (unit weight)

function used for fitting: f(x)
fitted parameters initialized with current variable values



 Iteration 0
 WSSR        : 1.17305e+06       delta(WSSR)/WSSR   : 0
 delta(WSSR) : 0                 limit for stopping : 1e-05
 lambda	  : 81523

initial set of free parameter values

A               = 1.5
s               = 0.001
m               = 0.962

After 7 iterations the fit converged.
final sum of squares of residuals : 5475.5
rel. change during last iteration : -1.10167e-06

degrees of freedom    (FIT_NDF)                        : 97
rms of residuals      (FIT_STDFIT) = sqrt(WSSR/ndf)    : 7.51322
variance of residuals (reduced chisquare) = WSSR/ndf   : 56.4485

Final set of parameters            Asymptotic Standard Error
=======================            ==========================

A               = 1.53895          +/- 0.02493      (1.62%)
s               = 0.0054399        +/- 0.0001023    (1.88%)
m               = 0.962457         +/- 0.0001025    (0.01065%)


correlation matrix of the fit parameters:

               A      s      m      
A               1.000 
s               0.575  1.000 
m               0.000 -0.088  1.000 


*******************************************************************************
Fri Jun  8 17:36:51 2012


FIT:    data read from 'bin.dat'
        format = z
        #datapoints = 100
        residuals are weighted equally (unit weight)

function used for fitting: f(x)
fitted parameters initialized with current variable values



 Iteration 0
 WSSR        : 1.17305e+06       delta(WSSR)/WSSR   : 0
 delta(WSSR) : 0                 limit for stopping : 1e-05
 lambda	  : 81523

initial set of free parameter values

A               = 1.5
s               = 0.001
m               = 0.962

After 7 iterations the fit converged.
final sum of squares of residuals : 5475.5
rel. change during last iteration : -1.10167e-06

degrees of freedom    (FIT_NDF)                        : 97
rms of residuals      (FIT_STDFIT) = sqrt(WSSR/ndf)    : 7.51322
variance of residuals (reduced chisquare) = WSSR/ndf   : 56.4485

Final set of parameters            Asymptotic Standard Error
=======================            ==========================

A               = 1.53895          +/- 0.02493      (1.62%)
s               = 0.0054399        +/- 0.0001023    (1.88%)
m               = 0.962457         +/- 0.0001025    (0.01065%)


correlation matrix of the fit parameters:

               A      s      m      
A               1.000 
s               0.575  1.000 
m               0.000 -0.088  1.000 


*******************************************************************************
Fri Jun  8 17:37:22 2012


FIT:    data read from 'bin.dat'
        format = z
        #datapoints = 100
        residuals are weighted equally (unit weight)

function used for fitting: f(x)
fitted parameters initialized with current variable values



 Iteration 0
 WSSR        : 1.17305e+06       delta(WSSR)/WSSR   : 0
 delta(WSSR) : 0                 limit for stopping : 1e-05
 lambda	  : 81523

initial set of free parameter values

A               = 1.5
s               = 0.001
m               = 0.962

After 7 iterations the fit converged.
final sum of squares of residuals : 5475.5
rel. change during last iteration : -1.10167e-06

degrees of freedom    (FIT_NDF)                        : 97
rms of residuals      (FIT_STDFIT) = sqrt(WSSR/ndf)    : 7.51322
variance of residuals (reduced chisquare) = WSSR/ndf   : 56.4485

Final set of parameters            Asymptotic Standard Error
=======================            ==========================

A               = 1.53895          +/- 0.02493      (1.62%)
s               = 0.0054399        +/- 0.0001023    (1.88%)
m               = 0.962457         +/- 0.0001025    (0.01065%)


correlation matrix of the fit parameters:

               A      s      m      
A               1.000 
s               0.575  1.000 
m               0.000 -0.088  1.000 


*******************************************************************************
Fri Jun  8 18:07:32 2012


FIT:    data read from 'bin.dat'
        format = z
        #datapoints = 100
        residuals are weighted equally (unit weight)

function used for fitting: f(x)
fitted parameters initialized with current variable values



 Iteration 0
 WSSR        : 328258            delta(WSSR)/WSSR   : 0
 delta(WSSR) : 0                 limit for stopping : 1e-05
 lambda	  : 0

initial set of free parameter values

A               = 1.5
s               = 0.001
m               = 0.66
BREAK:          Singular matrix in Givens()



*******************************************************************************
Fri Jun  8 18:07:48 2012


FIT:    data read from 'bin.dat'
        format = z
        #datapoints = 100
        residuals are weighted equally (unit weight)

function used for fitting: f(x)
fitted parameters initialized with current variable values



 Iteration 0
 WSSR        : 328258            delta(WSSR)/WSSR   : 0
 delta(WSSR) : 0                 limit for stopping : 1e-05
 lambda	  : 0

initial set of free parameter values

A               = 1.5
s               = 0.001
m               = 0.66
BREAK:          Singular matrix in Givens()



*******************************************************************************
Fri Jun  8 18:21:53 2012


FIT:    data read from 'bin-energy.dat'
        format = z
        #datapoints = 100
        residuals are weighted equally (unit weight)

function used for fitting: f(x)
fitted parameters initialized with current variable values



 Iteration 0
 WSSR        : 1.17211e+06       delta(WSSR)/WSSR   : 0
 delta(WSSR) : 0                 limit for stopping : 1e-05
 lambda	  : 81523

initial set of free parameter values

A               = 1.5
s               = 0.001
m               = 0.962

After 7 iterations the fit converged.
final sum of squares of residuals : 5452.97
rel. change during last iteration : -1.13115e-06

degrees of freedom    (FIT_NDF)                        : 97
rms of residuals      (FIT_STDFIT) = sqrt(WSSR/ndf)    : 7.49775
variance of residuals (reduced chisquare) = WSSR/ndf   : 56.2162

Final set of parameters            Asymptotic Standard Error
=======================            ==========================

A               = 1.53923          +/- 0.02488      (1.616%)
s               = 0.00543813       +/- 0.000102     (1.875%)
m               = 0.962457         +/- 0.0001023    (0.01062%)


correlation matrix of the fit parameters:

               A      s      m      
A               1.000 
s               0.575  1.000 
m               0.000 -0.088  1.000 


*******************************************************************************
Fri Jun  8 18:22:01 2012


FIT:    data read from 'bin-matrix.dat'
        format = z
        #datapoints = 100
        residuals are weighted equally (unit weight)

function used for fitting: f(x)
fitted parameters initialized with current variable values



 Iteration 0
 WSSR        : 2.25845e+06       delta(WSSR)/WSSR   : 0
 delta(WSSR) : 0                 limit for stopping : 1e-05
 lambda	  : 93402.9

initial set of free parameter values

A               = 1.5
s               = 0.001
m               = 0.66

After 12 iterations the fit converged.
final sum of squares of residuals : 2995.5
rel. change during last iteration : -1.28758e-08

degrees of freedom    (FIT_NDF)                        : 97
rms of residuals      (FIT_STDFIT) = sqrt(WSSR/ndf)    : 5.5571
variance of residuals (reduced chisquare) = WSSR/ndf   : 30.8814

Final set of parameters            Asymptotic Standard Error
=======================            ==========================

A               = 0.965009         +/- 0.01407      (1.458%)
s               = 0.00406627       +/- 6.877e-05    (1.691%)
m               = 0.668681         +/- 6.892e-05    (0.01031%)


correlation matrix of the fit parameters:

               A      s      m      
A               1.000 
s               0.576  1.000 
m               0.000 -0.082  1.000 


*******************************************************************************
Fri Jun  8 18:22:25 2012


FIT:    data read from 'bin-matrix.dat'
        format = z
        #datapoints = 100
        residuals are weighted equally (unit weight)

function used for fitting: f(x)
fitted parameters initialized with current variable values



 Iteration 0
 WSSR        : 2.25845e+06       delta(WSSR)/WSSR   : 0
 delta(WSSR) : 0                 limit for stopping : 1e-05
 lambda	  : 93402.9

initial set of free parameter values

A               = 1.5
s               = 0.001
m               = 0.66

After 12 iterations the fit converged.
final sum of squares of residuals : 2995.5
rel. change during last iteration : -1.28758e-08

degrees of freedom    (FIT_NDF)                        : 97
rms of residuals      (FIT_STDFIT) = sqrt(WSSR/ndf)    : 5.5571
variance of residuals (reduced chisquare) = WSSR/ndf   : 30.8814

Final set of parameters            Asymptotic Standard Error
=======================            ==========================

A               = 0.965009         +/- 0.01407      (1.458%)
s               = 0.00406627       +/- 6.877e-05    (1.691%)
m               = 0.668681         +/- 6.892e-05    (0.01031%)


correlation matrix of the fit parameters:

               A      s      m      
A               1.000 
s               0.576  1.000 
m               0.000 -0.082  1.000 


*******************************************************************************
Fri Jun  8 18:22:48 2012


FIT:    data read from 'bin-matrix.dat'
        format = z
        #datapoints = 100
        residuals are weighted equally (unit weight)

function used for fitting: f(x)
fitted parameters initialized with current variable values



 Iteration 0
 WSSR        : 2.25845e+06       delta(WSSR)/WSSR   : 0
 delta(WSSR) : 0                 limit for stopping : 1e-05
 lambda	  : 93402.9

initial set of free parameter values

A               = 1.5
s               = 0.001
m               = 0.66

After 12 iterations the fit converged.
final sum of squares of residuals : 2995.5
rel. change during last iteration : -1.28758e-08

degrees of freedom    (FIT_NDF)                        : 97
rms of residuals      (FIT_STDFIT) = sqrt(WSSR/ndf)    : 5.5571
variance of residuals (reduced chisquare) = WSSR/ndf   : 30.8814

Final set of parameters            Asymptotic Standard Error
=======================            ==========================

A               = 0.965009         +/- 0.01407      (1.458%)
s               = 0.00406627       +/- 6.877e-05    (1.691%)
m               = 0.668681         +/- 6.892e-05    (0.01031%)


correlation matrix of the fit parameters:

               A      s      m      
A               1.000 
s               0.576  1.000 
m               0.000 -0.082  1.000 


*******************************************************************************
Fri Jun  8 18:22:51 2012


FIT:    data read from 'bin-matrix.dat'
        format = z
        #datapoints = 100
        residuals are weighted equally (unit weight)

function used for fitting: f(x)
fitted parameters initialized with current variable values



 Iteration 0
 WSSR        : 2.25845e+06       delta(WSSR)/WSSR   : 0
 delta(WSSR) : 0                 limit for stopping : 1e-05
 lambda	  : 93402.9

initial set of free parameter values

A               = 1.5
s               = 0.001
m               = 0.66

After 12 iterations the fit converged.
final sum of squares of residuals : 2995.5
rel. change during last iteration : -1.28758e-08

degrees of freedom    (FIT_NDF)                        : 97
rms of residuals      (FIT_STDFIT) = sqrt(WSSR/ndf)    : 5.5571
variance of residuals (reduced chisquare) = WSSR/ndf   : 30.8814

Final set of parameters            Asymptotic Standard Error
=======================            ==========================

A               = 0.965009         +/- 0.01407      (1.458%)
s               = 0.00406627       +/- 6.877e-05    (1.691%)
m               = 0.668681         +/- 6.892e-05    (0.01031%)


correlation matrix of the fit parameters:

               A      s      m      
A               1.000 
s               0.576  1.000 
m               0.000 -0.082  1.000 


*******************************************************************************
Fri Jun  8 18:22:53 2012


FIT:    data read from 'bin-matrix.dat'
        format = z
        #datapoints = 100
        residuals are weighted equally (unit weight)

function used for fitting: f(x)
fitted parameters initialized with current variable values



 Iteration 0
 WSSR        : 2.25845e+06       delta(WSSR)/WSSR   : 0
 delta(WSSR) : 0                 limit for stopping : 1e-05
 lambda	  : 93402.9

initial set of free parameter values

A               = 1.5
s               = 0.001
m               = 0.66

After 12 iterations the fit converged.
final sum of squares of residuals : 2995.5
rel. change during last iteration : -1.28758e-08

degrees of freedom    (FIT_NDF)                        : 97
rms of residuals      (FIT_STDFIT) = sqrt(WSSR/ndf)    : 5.5571
variance of residuals (reduced chisquare) = WSSR/ndf   : 30.8814

Final set of parameters            Asymptotic Standard Error
=======================            ==========================

A               = 0.965009         +/- 0.01407      (1.458%)
s               = 0.00406627       +/- 6.877e-05    (1.691%)
m               = 0.668681         +/- 6.892e-05    (0.01031%)


correlation matrix of the fit parameters:

               A      s      m      
A               1.000 
s               0.576  1.000 
m               0.000 -0.082  1.000 


*******************************************************************************
Fri Jun  8 18:22:54 2012


FIT:    data read from 'bin-matrix.dat'
        format = z
        #datapoints = 100
        residuals are weighted equally (unit weight)

function used for fitting: f(x)
fitted parameters initialized with current variable values



 Iteration 0
 WSSR        : 2.25845e+06       delta(WSSR)/WSSR   : 0
 delta(WSSR) : 0                 limit for stopping : 1e-05
 lambda	  : 93402.9

initial set of free parameter values

A               = 1.5
s               = 0.001
m               = 0.66

After 12 iterations the fit converged.
final sum of squares of residuals : 2995.5
rel. change during last iteration : -1.28758e-08

degrees of freedom    (FIT_NDF)                        : 97
rms of residuals      (FIT_STDFIT) = sqrt(WSSR/ndf)    : 5.5571
variance of residuals (reduced chisquare) = WSSR/ndf   : 30.8814

Final set of parameters            Asymptotic Standard Error
=======================            ==========================

A               = 0.965009         +/- 0.01407      (1.458%)
s               = 0.00406627       +/- 6.877e-05    (1.691%)
m               = 0.668681         +/- 6.892e-05    (0.01031%)


correlation matrix of the fit parameters:

               A      s      m      
A               1.000 
s               0.576  1.000 
m               0.000 -0.082  1.000 


*******************************************************************************
Fri Jun  8 18:22:55 2012


FIT:    data read from 'bin-matrix.dat'
        format = z
        #datapoints = 100
        residuals are weighted equally (unit weight)

function used for fitting: f(x)
fitted parameters initialized with current variable values



 Iteration 0
 WSSR        : 2.25845e+06       delta(WSSR)/WSSR   : 0
 delta(WSSR) : 0                 limit for stopping : 1e-05
 lambda	  : 93402.9

initial set of free parameter values

A               = 1.5
s               = 0.001
m               = 0.66

After 12 iterations the fit converged.
final sum of squares of residuals : 2995.5
rel. change during last iteration : -1.28758e-08

degrees of freedom    (FIT_NDF)                        : 97
rms of residuals      (FIT_STDFIT) = sqrt(WSSR/ndf)    : 5.5571
variance of residuals (reduced chisquare) = WSSR/ndf   : 30.8814

Final set of parameters            Asymptotic Standard Error
=======================            ==========================

A               = 0.965009         +/- 0.01407      (1.458%)
s               = 0.00406627       +/- 6.877e-05    (1.691%)
m               = 0.668681         +/- 6.892e-05    (0.01031%)


correlation matrix of the fit parameters:

               A      s      m      
A               1.000 
s               0.576  1.000 
m               0.000 -0.082  1.000 


*******************************************************************************
Fri Jun  8 18:23:35 2012


FIT:    data read from 'bin-energy.dat'
        format = z
        #datapoints = 100
        residuals are weighted equally (unit weight)

function used for fitting: f(x)
fitted parameters initialized with current variable values



 Iteration 0
 WSSR        : 1.17211e+06       delta(WSSR)/WSSR   : 0
 delta(WSSR) : 0                 limit for stopping : 1e-05
 lambda	  : 81523

initial set of free parameter values

A               = 1.5
s               = 0.001
m               = 0.962

After 7 iterations the fit converged.
final sum of squares of residuals : 5452.97
rel. change during last iteration : -1.13115e-06

degrees of freedom    (FIT_NDF)                        : 97
rms of residuals      (FIT_STDFIT) = sqrt(WSSR/ndf)    : 7.49775
variance of residuals (reduced chisquare) = WSSR/ndf   : 56.2162

Final set of parameters            Asymptotic Standard Error
=======================            ==========================

A               = 1.53923          +/- 0.02488      (1.616%)
s               = 0.00543813       +/- 0.000102     (1.875%)
m               = 0.962457         +/- 0.0001023    (0.01062%)


correlation matrix of the fit parameters:

               A      s      m      
A               1.000 
s               0.575  1.000 
m               0.000 -0.088  1.000 


*******************************************************************************
Fri Jun  8 18:23:36 2012


FIT:    data read from 'bin-energy.dat'
        format = z
        #datapoints = 100
        residuals are weighted equally (unit weight)

function used for fitting: f(x)
fitted parameters initialized with current variable values



 Iteration 0
 WSSR        : 1.17211e+06       delta(WSSR)/WSSR   : 0
 delta(WSSR) : 0                 limit for stopping : 1e-05
 lambda	  : 81523

initial set of free parameter values

A               = 1.5
s               = 0.001
m               = 0.962

After 7 iterations the fit converged.
final sum of squares of residuals : 5452.97
rel. change during last iteration : -1.13115e-06

degrees of freedom    (FIT_NDF)                        : 97
rms of residuals      (FIT_STDFIT) = sqrt(WSSR/ndf)    : 7.49775
variance of residuals (reduced chisquare) = WSSR/ndf   : 56.2162

Final set of parameters            Asymptotic Standard Error
=======================            ==========================

A               = 1.53923          +/- 0.02488      (1.616%)
s               = 0.00543813       +/- 0.000102     (1.875%)
m               = 0.962457         +/- 0.0001023    (0.01062%)


correlation matrix of the fit parameters:

               A      s      m      
A               1.000 
s               0.575  1.000 
m               0.000 -0.088  1.000 


*******************************************************************************
Fri Jun  8 18:23:37 2012


FIT:    data read from 'bin-energy.dat'
        format = z
        #datapoints = 100
        residuals are weighted equally (unit weight)

function used for fitting: f(x)
fitted parameters initialized with current variable values



 Iteration 0
 WSSR        : 1.17211e+06       delta(WSSR)/WSSR   : 0
 delta(WSSR) : 0                 limit for stopping : 1e-05
 lambda	  : 81523

initial set of free parameter values

A               = 1.5
s               = 0.001
m               = 0.962

After 7 iterations the fit converged.
final sum of squares of residuals : 5452.97
rel. change during last iteration : -1.13115e-06

degrees of freedom    (FIT_NDF)                        : 97
rms of residuals      (FIT_STDFIT) = sqrt(WSSR/ndf)    : 7.49775
variance of residuals (reduced chisquare) = WSSR/ndf   : 56.2162

Final set of parameters            Asymptotic Standard Error
=======================            ==========================

A               = 1.53923          +/- 0.02488      (1.616%)
s               = 0.00543813       +/- 0.000102     (1.875%)
m               = 0.962457         +/- 0.0001023    (0.01062%)


correlation matrix of the fit parameters:

               A      s      m      
A               1.000 
s               0.575  1.000 
m               0.000 -0.088  1.000 
